<?xml version="1.0" encoding="UTF-8"?>
<!-- Generated by org.testng.reporters.JUnitXMLReporter -->
<testsuite hostname="USER-20170417KQ" name="用户管理系统测试套件" tests="7" failures="1" timestamp="23 May 2019 07:49:46 GMT" time="12.753" errors="0">
  <testcase name="loginTrue" time="1.052" classname="com.course.cases.LoginTest"/>
  <testcase name="loginFalse" time="0.063" classname="com.course.cases.LoginTest"/>
  <testcase name="addUser" time="4.092" classname="com.course.cases.AddUserTest">
    <failure type="org.apache.ibatis.exceptions.TooManyResultsException" message="Expected one result (or null) to be returned by selectOne(), but found: 3">
      <![CDATA[org.apache.ibatis.exceptions.TooManyResultsException: Expected one result (or null) to be returned by selectOne(), but found: 3
	at org.apache.ibatis.session.defaults.DefaultSqlSession.selectOne(DefaultSqlSession.java:81)
	at com.course.cases.AddUserTest.addUser(AddUserTest.java:33)
... Removed 27 stack frames]]>
    </failure>
  </testcase> <!-- addUser -->
  <testcase name="getUserInfo" time="0.059" classname="com.course.cases.GetUserInfoTest"/>
  <testcase name="deleteUser" time="4.14" classname="com.course.cases.UpdateUserInfoTest"/>
  <testcase name="updateUserInfo" time="3.083" classname="com.course.cases.UpdateUserInfoTest"/>
  <testcase name="getUserListInfo" time="0.109" classname="com.course.cases.GetUserInfoListTest"/>
</testsuite> <!-- 用户管理系统测试套件 -->
