<?xml version="1.0" encoding="UTF-8"?>
<testsuite xmlns:xsi="http://www.w3.org/2001/XMLSchema-instance" xsi:schemaLocation="https://maven.apache.org/surefire/maven-surefire-plugin/xsd/surefire-test-report.xsd" name="TestSuite" time="14.107" tests="7" errors="0" skipped="0" failures="1">
  <properties>
[...]
</properties>
  <testcase name="loginTrue" classname="com.course.cases.LoginTest" time="1.229"/>
  <testcase name="loginFalse" classname="com.course.cases.LoginTest" time="0.105"/>
  <testcase name="addUser" classname="com.course.cases.AddUserTest" time="3.883">
    <failure message="Expected one result (or null) to be returned by selectOne(), but found: 3" type="org.apache.ibatis.exceptions.TooManyResultsException">org.apache.ibatis.exceptions.TooManyResultsException: Expected one result (or null) to be returned by selectOne(), but found: 3
	at com.course.cases.AddUserTest.addUser(AddUserTest.java:33)
</failure>
    <system-out><![CDATA[15:49:34.458 [main] DEBUG org.apache.ibatis.datasource.pooled.PooledDataSource - PooledDataSource forcefully closed/removed all connections.
15:49:34.458 [main] DEBUG org.apache.ibatis.datasource.pooled.PooledDataSource - PooledDataSource forcefully closed/removed all connections.
15:49:34.458 [main] DEBUG org.apache.ibatis.datasource.pooled.PooledDataSource - PooledDataSource forcefully closed/removed all connections.
15:49:34.458 [main] DEBUG org.apache.ibatis.datasource.pooled.PooledDataSource - PooledDataSource forcefully closed/removed all connections.
15:49:34.486 [main] DEBUG org.apache.ibatis.transaction.jdbc.JdbcTransaction - Opening JDBC Connection
15:49:34.500 [main] DEBUG org.apache.ibatis.datasource.pooled.PooledDataSource - Created connection 1752461090.
15:49:34.501 [main] DEBUG org.apache.ibatis.transaction.jdbc.JdbcTransaction - Setting autocommit to false on JDBC Connection [com.mysql.cj.jdbc.ConnectionImpl@68746f22]
15:49:34.501 [main] DEBUG com.course.model.addUserCase - ==>  Preparing: select * from addusercase where id=?; 
15:49:34.502 [main] DEBUG com.course.model.addUserCase - ==> Parameters: 1(Integer)
15:49:34.506 [main] DEBUG com.course.model.addUserCase - <==      Total: 1
AddUserCase(userName=zhao9, password=zhaozhao, sex=0, age=35, permission=1, isDelete=0, expected=true)
http://localhost:8888/v1/addUser
15:49:34.506 [main] DEBUG org.apache.http.impl.conn.BasicClientConnectionManager - Get connection for route {}->http://localhost:8888
15:49:34.507 [main] DEBUG org.apache.http.impl.client.DefaultHttpClient - Stale connection check
15:49:34.508 [main] DEBUG org.apache.http.client.protocol.RequestAddCookies - CookieSpec selected: default
15:49:34.508 [main] DEBUG org.apache.http.client.protocol.RequestAddCookies - Cookie [version: 0][name: login][value: true][domain: localhost][path: /v1][expiry: null] match [localhost:8888/v1/addUser]
15:49:34.508 [main] DEBUG org.apache.http.client.protocol.RequestAuthCache - Auth cache not set in the context
15:49:34.508 [main] DEBUG org.apache.http.client.protocol.RequestTargetAuthentication - Target auth state: UNCHALLENGED
15:49:34.508 [main] DEBUG org.apache.http.client.protocol.RequestProxyAuthentication - Proxy auth state: UNCHALLENGED
15:49:34.508 [main] DEBUG org.apache.http.impl.client.DefaultHttpClient - Attempt 1 to execute request
15:49:34.508 [main] DEBUG org.apache.http.impl.conn.DefaultClientConnection - Sending request: POST /v1/addUser HTTP/1.1
15:49:34.509 [main] DEBUG org.apache.http.wire -  >> "POST /v1/addUser HTTP/1.1[\r][\n]"
15:49:34.509 [main] DEBUG org.apache.http.wire -  >> "content-type: application/json[\r][\n]"
15:49:34.509 [main] DEBUG org.apache.http.wire -  >> "Content-Length: 95[\r][\n]"
15:49:34.509 [main] DEBUG org.apache.http.wire -  >> "Host: localhost:8888[\r][\n]"
15:49:34.509 [main] DEBUG org.apache.http.wire -  >> "Connection: Keep-Alive[\r][\n]"
15:49:34.509 [main] DEBUG org.apache.http.wire -  >> "User-Agent: Apache-HttpClient/4.5.6 (Java/1.8.0_161)[\r][\n]"
15:49:34.509 [main] DEBUG org.apache.http.wire -  >> "Cookie: login=true[\r][\n]"
15:49:34.509 [main] DEBUG org.apache.http.wire -  >> "[\r][\n]"
15:49:34.509 [main] DEBUG org.apache.http.headers - >> POST /v1/addUser HTTP/1.1
15:49:34.509 [main] DEBUG org.apache.http.headers - >> content-type: application/json
15:49:34.510 [main] DEBUG org.apache.http.headers - >> Content-Length: 95
15:49:34.510 [main] DEBUG org.apache.http.headers - >> Host: localhost:8888
15:49:34.510 [main] DEBUG org.apache.http.headers - >> Connection: Keep-Alive
15:49:34.510 [main] DEBUG org.apache.http.headers - >> User-Agent: Apache-HttpClient/4.5.6 (Java/1.8.0_161)
15:49:34.510 [main] DEBUG org.apache.http.headers - >> Cookie: login=true
15:49:34.510 [main] DEBUG org.apache.http.wire -  >> "{"password":"zhaozhao","isDelete":"0","sex":"0","permission":"1","userName":"zhao9","age":"35"}"
15:49:34.528 [main] DEBUG org.apache.http.wire -  << "HTTP/1.1 200 [\r][\n]"
15:49:34.528 [main] DEBUG org.apache.http.wire -  << "Content-Type: application/json;charset=UTF-8[\r][\n]"
15:49:34.529 [main] DEBUG org.apache.http.wire -  << "Transfer-Encoding: chunked[\r][\n]"
15:49:34.529 [main] DEBUG org.apache.http.wire -  << "Date: Thu, 23 May 2019 07:49:34 GMT[\r][\n]"
15:49:34.529 [main] DEBUG org.apache.http.wire -  << "[\r][\n]"
15:49:34.529 [main] DEBUG org.apache.http.impl.conn.DefaultClientConnection - Receiving response: HTTP/1.1 200 
15:49:34.529 [main] DEBUG org.apache.http.headers - << HTTP/1.1 200 
15:49:34.529 [main] DEBUG org.apache.http.headers - << Content-Type: application/json;charset=UTF-8
15:49:34.529 [main] DEBUG org.apache.http.headers - << Transfer-Encoding: chunked
15:49:34.529 [main] DEBUG org.apache.http.headers - << Date: Thu, 23 May 2019 07:49:34 GMT
15:49:34.529 [main] DEBUG org.apache.http.impl.client.DefaultHttpClient - Connection can be kept alive indefinitely
15:49:34.530 [main] DEBUG org.apache.http.wire -  << "4[\r][\n]"
15:49:34.530 [main] DEBUG org.apache.http.wire -  << "true"
15:49:34.530 [main] DEBUG org.apache.http.wire -  << "[\r][\n]"
15:49:34.530 [main] DEBUG org.apache.http.wire -  << "0[\r][\n]"
15:49:34.530 [main] DEBUG org.apache.http.wire -  << "[\r][\n]"
15:49:34.530 [main] DEBUG org.apache.http.impl.conn.BasicClientConnectionManager - Releasing connection org.apache.http.impl.conn.ManagedClientConnectionImpl@68878f6d
15:49:34.530 [main] DEBUG org.apache.http.impl.conn.BasicClientConnectionManager - Connection can be kept alive indefinitely
true
15:49:38.530 [main] DEBUG com.course.model.addUser - ==>  Preparing: select * from user where userName=? and password=? and sex=? and age=? and permission=? and isDelete=? 
15:49:38.530 [main] DEBUG com.course.model.addUser - ==> Parameters: zhao9(String), zhaozhao(String), 0(String), 35(String), 1(String), 0(String)
15:49:38.534 [main] DEBUG com.course.model.addUser - <==      Total: 3
]]></system-out>
  </testcase>
  <testcase name="getUserInfo" classname="com.course.cases.GetUserInfoTest" time="0.226"/>
  <testcase name="deleteUser" classname="com.course.cases.UpdateUserInfoTest" time="4.022"/>
  <testcase name="updateUserInfo" classname="com.course.cases.UpdateUserInfoTest" time="3.173"/>
  <testcase name="getUserListInfo" classname="com.course.cases.GetUserInfoListTest" time="0.406"/>
</testsuite>